<?xml version="1.0" encoding="UTF-8"?>
<!-- Generated by org.testng.reporters.JUnitReportReporter -->
<testsuite hostname="KVRR" name="com.org.actiTime.task.TC001CreateCustomer" tests="1" failures="0" timestamp="4 May 2018 10:17:53 GMT" time="166.578" errors="0">
  <testcase name="createCustomer" time="166.578" classname="com.org.actiTime.task.TC001CreateCustomer"/>
</testsuite> <!-- com.org.actiTime.task.TC001CreateCustomer -->
