<?xml version="1.0" encoding="UTF-8"?>
<!-- Generated by org.testng.reporters.JUnitReportReporter -->
<testsuite hostname="KVRR" name="com.org.actiTime.task.TC002CreateProject" tests="1" failures="0" timestamp="4 May 2018 10:17:53 GMT" time="166.518" errors="0">
  <testcase name="createProject" time="166.518" classname="com.org.actiTime.task.TC002CreateProject"/>
</testsuite> <!-- com.org.actiTime.task.TC002CreateProject -->
