<?xml version="1.0" encoding="UTF-8"?>
<!-- Generated by org.testng.reporters.JUnitReportReporter -->
<testsuite hostname="KVRR" name="com.org.actiTime.actiTime.TC002HomePage" tests="1" failures="0" timestamp="3 May 2018 03:15:00 GMT" time="37.055" errors="0">
  <testcase name="homePage" time="37.055" classname="com.org.actiTime.actiTime.TC002HomePage"/>
</testsuite> <!-- com.org.actiTime.actiTime.TC002HomePage -->
