<?xml version="1.0" encoding="UTF-8"?>
<!-- Generated by org.testng.reporters.JUnitReportReporter -->
<testsuite hostname="KVRR" name="com.org.actiTime.task.TC005DeleteProject" tests="1" failures="0" timestamp="4 May 2018 10:17:53 GMT" time="76.424" errors="0">
  <testcase name="deleteProject" time="76.424" classname="com.org.actiTime.task.TC005DeleteProject"/>
</testsuite> <!-- com.org.actiTime.task.TC005DeleteProject -->
