<?xml version="1.0" encoding="UTF-8"?>
<!-- Generated by org.testng.reporters.JUnitReportReporter -->
<testsuite hostname="KVRR" name="com.org.actiTime.task.TC004DeleteCustomerAndProject" tests="1" failures="0" timestamp="4 May 2018 10:17:52 GMT" time="72.527" errors="0">
  <testcase name="deleteCustomerAndProject" time="72.527" classname="com.org.actiTime.task.TC004DeleteCustomerAndProject"/>
</testsuite> <!-- com.org.actiTime.task.TC004DeleteCustomerAndProject -->
