<?xml version="1.0" encoding="UTF-8"?>
<!-- Generated by org.testng.reporters.JUnitReportReporter -->
<testsuite hostname="KVRR" name="com.org.actiTime.actiTime.TC004DeleteUsers" tests="1" failures="0" timestamp="4 May 2018 10:17:52 GMT" time="40.443" errors="0">
  <testcase name="deleteUsers" time="40.443" classname="com.org.actiTime.actiTime.TC004DeleteUsers"/>
</testsuite> <!-- com.org.actiTime.actiTime.TC004DeleteUsers -->
