<?xml version="1.0" encoding="UTF-8"?>
<!-- Generated by org.testng.reporters.JUnitReportReporter -->
<testsuite hostname="KVRR" name="com.org.actiTime.actiTime.TC005CreateBillingType" tests="1" failures="0" timestamp="4 May 2018 10:17:53 GMT" time="132.153" errors="0">
  <testcase name="createBillingType" time="132.153" classname="com.org.actiTime.actiTime.TC005CreateBillingType"/>
</testsuite> <!-- com.org.actiTime.actiTime.TC005CreateBillingType -->
